17:57:22 **** Incremental Build of configuration Debug for project SunFlowers ****
make all 
Building file: ../sunflowers.c
Invoking: GCC C Compiler
gcc -O0 -g3 -Wall -c -fmessage-length=0 -MMD -MP -MF"sunflowers.d" -MT"sunflowers.o" -o "sunflowers.o" "../sunflowers.c"
Finished building: ../sunflowers.c
 
Building target: SunFlowers
Invoking: MacOS X C Linker
gcc  -o "SunFlowers"  ./sunflowers.o   
Finished building target: SunFlowers
 
18:01:48 **** Incremental Build of configuration Debug for project SunFlowers ****
make all 
Building file: ../sunflowers.c
Invoking: GCC C Compiler
gcc -O0 -g3 -Wall -c -fmessage-length=0 -MMD -MP -MF"sunflowers.d" -MT"sunflowers.o" -o "sunflowers.o" "../sunflowers.c"
Finished building: ../sunflowers.c
 
Building target: SunFlowers
Invoking: MacOS X C Linker
gcc  -o "SunFlowers"  ./sunflowers.o   
Finished building target: SunFlowers
 
18:01:48 **** Incremental Build of configuration Debug for project VoronoiVillages ****
make all 
make: Nothing to be done for `all'.
18:03:03 **** Incremental Build of configuration Debug for project SunFlowers ****
make all 
Building file: ../sunflowers.c
Invoking: GCC C Compiler
gcc -O0 -g3 -Wall -c -fmessage-length=0 -MMD -MP -MF"sunflowers.d" -MT"sunflowers.o" -o "sunflowers.o" "../sunflowers.c"
Finished building: ../sunflowers.c
 
Building target: SunFlowers
Invoking: MacOS X C Linker
gcc  -o "SunFlowers"  ./sunflowers.o   
Finished building target: SunFlowers
 
18:03:04 **** Incremental Build of configuration Debug for project VoronoiVillages ****
make all 
make: Nothing to be done for `all'.
18:03:05 **** Incremental Build of configuration Debug for project SunFlowers ****
make all 
make: Nothing to be done for `all'.
18:03:35 **** Incremental Build of configuration Debug for project SunFlowers ****
make all 
Building file: ../sunflowers.c
Invoking: GCC C Compiler
gcc -O0 -g3 -Wall -c -fmessage-length=0 -MMD -MP -MF"sunflowers.d" -MT"sunflowers.o" -o "sunflowers.o" "../sunflowers.c"
Finished building: ../sunflowers.c
 
Building target: SunFlowers
Invoking: MacOS X C Linker
gcc  -o "SunFlowers"  ./sunflowers.o   
Finished building target: SunFlowers
 
18:03:35 **** Incremental Build of configuration Debug for project VoronoiVillages ****
make all 
make: Nothing to be done for `all'.
18:03:38 **** Incremental Build of configuration Debug for project SunFlowers ****
make all 
make: Nothing to be done for `all'.
18:03:38 **** Incremental Build of configuration Debug for project VoronoiVillages ****
make all 
make: Nothing to be done for `all'.
18:03:40 **** Incremental Build of configuration Debug for project SunFlowers ****
make all 
make: Nothing to be done for `all'.
18:33:54 **** Incremental Build of configuration Debug for project SunFlowers ****
make all 
Building file: ../sunflowers.c
Invoking: GCC C Compiler
gcc -O0 -g3 -Wall -c -fmessage-length=0 -MMD -MP -MF"sunflowers.d" -MT"sunflowers.o" -o "sunflowers.o" "../sunflowers.c"
../sunflowers.c:63:36: error: expected ')'
                for (j = 0, k = n - 1; j < k; j++; k--) {
                                                 ^
../sunflowers.c:63:7: note: to match this '('
                for (j = 0, k = n - 1; j < k; j++; k--) {
                    ^
../sunflowers.c:63:41: error: expected ';' after expression
                for (j = 0, k = n - 1; j < k; j++; k--) {
                                                      ^
                                                      ;
../sunflowers.c:63:41: error: expected expression
3 errors generated.
make: *** [sunflowers.o] Error 1
18:33:55 **** Incremental Build of configuration Debug for project VoronoiVillages ****
make all 
make: Nothing to be done for `all'.
18:34:26 **** Incremental Build of configuration Debug for project SunFlowers ****
make all 
Building file: ../sunflowers.c
Invoking: GCC C Compiler
gcc -O0 -g3 -Wall -c -fmessage-length=0 -MMD -MP -MF"sunflowers.d" -MT"sunflowers.o" -o "sunflowers.o" "../sunflowers.c"
Finished building: ../sunflowers.c
 
Building target: SunFlowers
Invoking: MacOS X C Linker
gcc  -o "SunFlowers"  ./sunflowers.o   
Finished building target: SunFlowers
 
18:34:26 **** Incremental Build of configuration Debug for project VoronoiVillages ****
make all 
make: Nothing to be done for `all'.
18:36:10 **** Incremental Build of configuration Debug for project SunFlowers ****
make all 
Building file: ../sunflowers.c
Invoking: GCC C Compiler
gcc -O0 -g3 -Wall -c -fmessage-length=0 -MMD -MP -MF"sunflowers.d" -MT"sunflowers.o" -o "sunflowers.o" "../sunflowers.c"
Finished building: ../sunflowers.c
 
Building target: SunFlowers
Invoking: MacOS X C Linker
gcc  -o "SunFlowers"  ./sunflowers.o   
Finished building target: SunFlowers
 
18:36:11 **** Incremental Build of configuration Debug for project VoronoiVillages ****
make all 
make: Nothing to be done for `all'.
18:37:57 **** Incremental Build of configuration Debug for project SunFlowers ****
make all 
Building file: ../sunflowers.c
Invoking: GCC C Compiler
gcc -O0 -g3 -Wall -c -fmessage-length=0 -MMD -MP -MF"sunflowers.d" -MT"sunflowers.o" -o "sunflowers.o" "../sunflowers.c"
Finished building: ../sunflowers.c
 
Building target: SunFlowers
Invoking: MacOS X C Linker
gcc  -o "SunFlowers"  ./sunflowers.o   
Finished building target: SunFlowers
 
18:37:57 **** Incremental Build of configuration Debug for project VoronoiVillages ****
make all 
make: Nothing to be done for `all'.
19:15:53 **** Incremental Build of configuration Debug for project SunFlowers ****
make all 
Building file: ../sunflowers.c
Invoking: GCC C Compiler
gcc -O0 -g3 -Wall -c -fmessage-length=0 -MMD -MP -MF"sunflowers.d" -MT"sunflowers.o" -o "sunflowers.o" "../sunflowers.c"
Finished building: ../sunflowers.c
 
Building target: SunFlowers
Invoking: MacOS X C Linker
gcc  -o "SunFlowers"  ./sunflowers.o   
Finished building target: SunFlowers
 
19:15:53 **** Incremental Build of configuration Debug for project VoronoiVillages ****
make all 
make: Nothing to be done for `all'.
19:16:02 **** Incremental Build of configuration Debug for project SunFlowers ****
make all 
Building file: ../sunflowers.c
Invoking: GCC C Compiler
gcc -O0 -g3 -Wall -c -fmessage-length=0 -MMD -MP -MF"sunflowers.d" -MT"sunflowers.o" -o "sunflowers.o" "../sunflowers.c"
Finished building: ../sunflowers.c
 
Building target: SunFlowers
Invoking: MacOS X C Linker
gcc  -o "SunFlowers"  ./sunflowers.o   
Finished building target: SunFlowers
 
19:16:02 **** Incremental Build of configuration Debug for project VoronoiVillages ****
make all 
make: Nothing to be done for `all'.
19:16:03 **** Incremental Build of configuration Debug for project SunFlowers ****
make all 
make: Nothing to be done for `all'.
19:17:52 **** Incremental Build of configuration Debug for project SunFlowers ****
make all 
make: Nothing to be done for `all'.
19:42:32 **** Incremental Build of configuration Debug for project SunFlowers ****
make all 
Building file: ../sunflowers.c
Invoking: GCC C Compiler
gcc -O0 -g3 -Wall -c -fmessage-length=0 -MMD -MP -MF"sunflowers.d" -MT"sunflowers.o" -o "sunflowers.o" "../sunflowers.c"
Finished building: ../sunflowers.c
 
Building target: SunFlowers
Invoking: MacOS X C Linker
gcc  -o "SunFlowers"  ./sunflowers.o   
Finished building target: SunFlowers
 
19:42:32 **** Incremental Build of configuration Debug for project VoronoiVillages ****
make all 
make: Nothing to be done for `all'.
19:42:34 **** Incremental Build of configuration Debug for project SunFlowers ****
make all 
make: Nothing to be done for `all'.
12:50:30 **** Incremental Build of configuration Debug for project SunFlowers ****
make all 
make: Nothing to be done for `all'.
12:51:26 **** Incremental Build of configuration Debug for project SunFlowers ****
make all 
Building file: ../sunflowers.c
Invoking: GCC C Compiler
gcc -O0 -g3 -Wall -c -fmessage-length=0 -MMD -MP -MF"sunflowers.d" -MT"sunflowers.o" -o "sunflowers.o" "../sunflowers.c"
Finished building: ../sunflowers.c
 
Building target: SunFlowers
Invoking: MacOS X C Linker
gcc  -o "SunFlowers"  ./sunflowers.o   
Finished building target: SunFlowers
 
12:51:27 **** Incremental Build of configuration Debug for project VoronoiVillages ****
make all 
make: Nothing to be done for `all'.
12:51:29 **** Incremental Build of configuration Debug for project SunFlowers ****
make all 
make: Nothing to be done for `all'.
12:55:01 **** Incremental Build of configuration Debug for project SunFlowers ****
make all 
Building file: ../sunflowers.c
Invoking: GCC C Compiler
gcc -O0 -g3 -Wall -c -fmessage-length=0 -MMD -MP -MF"sunflowers.d" -MT"sunflowers.o" -o "sunflowers.o" "../sunflowers.c"
Finished building: ../sunflowers.c
 
Building target: SunFlowers
Invoking: MacOS X C Linker
gcc  -o "SunFlowers"  ./sunflowers.o   
Finished building target: SunFlowers
 
12:55:01 **** Incremental Build of configuration Debug for project VoronoiVillages ****
make all 
Building target: VoronoiVillages
Invoking: MacOS X C++ Linker
g++  -o "VoronoiVillages"   
clang: error: no input files
make: *** [VoronoiVillages] Error 1
12:55:16 **** Incremental Build of configuration Debug for project SunFlowers ****
make all 
make: Nothing to be done for `all'.
12:55:16 **** Incremental Build of configuration Debug for project VoronoiVillages ****
make all 
Building file: ../voronoi_villages.cpp
Invoking: GCC C++ Compiler
g++ -O0 -g3 -Wall -c -fmessage-length=0 -MMD -MP -MF"voronoi_villages.d" -MT"voronoi_villages.o" -o "voronoi_villages.o" "../voronoi_villages.cpp"
Finished building: ../voronoi_villages.cpp
 
Building target: VoronoiVillages
Invoking: MacOS X C++ Linker
g++  -o "VoronoiVillages"  ./voronoi_villages.o   
Finished building target: VoronoiVillages
 
12:55:20 **** Incremental Build of configuration Debug for project SunFlowers ****
make all 
make: Nothing to be done for `all'.
12:56:30 **** Incremental Build of configuration Debug for project SunFlowers ****
make all 
Building file: ../sunflowers.c
Invoking: GCC C Compiler
gcc -O0 -g3 -Wall -c -fmessage-length=0 -MMD -MP -MF"sunflowers.d" -MT"sunflowers.o" -o "sunflowers.o" "../sunflowers.c"
Finished building: ../sunflowers.c
 
Building target: SunFlowers
Invoking: MacOS X C Linker
gcc  -o "SunFlowers"  ./sunflowers.o   
Finished building target: SunFlowers
 
12:56:30 **** Incremental Build of configuration Debug for project VoronoiVillages ****
make all 
make: Nothing to be done for `all'.
12:56:31 **** Incremental Build of configuration Debug for project SunFlowers ****
make all 
make: Nothing to be done for `all'.
12:59:52 **** Incremental Build of configuration Debug for project SunFlowers ****
make all 
Building file: ../sunflowers.c
Invoking: GCC C Compiler
gcc -O0 -g3 -Wall -c -fmessage-length=0 -MMD -MP -MF"sunflowers.d" -MT"sunflowers.o" -o "sunflowers.o" "../sunflowers.c"
Finished building: ../sunflowers.c
 
Building target: SunFlowers
Invoking: MacOS X C Linker
gcc  -o "SunFlowers"  ./sunflowers.o   
Finished building target: SunFlowers
 
12:59:52 **** Incremental Build of configuration Debug for project VoronoiVillages ****
make all 
make: Nothing to be done for `all'.
12:59:57 **** Incremental Build of configuration Debug for project SunFlowers ****
make all 
make: Nothing to be done for `all'.
13:00:02 **** Incremental Build of configuration Debug for project SunFlowers ****
make all 
make: Nothing to be done for `all'.
13:00:18 **** Incremental Build of configuration Debug for project SunFlowers ****
make all 
make: Nothing to be done for `all'.
13:01:51 **** Incremental Build of configuration Debug for project SunFlowers ****
make all 
Building file: ../sunflowers.c
Invoking: GCC C Compiler
gcc -O0 -g3 -Wall -c -fmessage-length=0 -MMD -MP -MF"sunflowers.d" -MT"sunflowers.o" -o "sunflowers.o" "../sunflowers.c"
Finished building: ../sunflowers.c
 
Building target: SunFlowers
Invoking: MacOS X C Linker
gcc  -o "SunFlowers"  ./sunflowers.o   
Finished building target: SunFlowers
 
13:01:51 **** Incremental Build of configuration Debug for project VoronoiVillages ****
make all 
make: Nothing to be done for `all'.
13:01:57 **** Incremental Build of configuration Debug for project SunFlowers ****
make all 
make: Nothing to be done for `all'.
13:03:31 **** Incremental Build of configuration Debug for project SunFlowers ****
make all 
Building file: ../sunflowers.c
Invoking: GCC C Compiler
gcc -O0 -g3 -Wall -c -fmessage-length=0 -MMD -MP -MF"sunflowers.d" -MT"sunflowers.o" -o "sunflowers.o" "../sunflowers.c"
Finished building: ../sunflowers.c
 
Building target: SunFlowers
Invoking: MacOS X C Linker
gcc  -o "SunFlowers"  ./sunflowers.o   
Finished building target: SunFlowers
 
13:03:31 **** Incremental Build of configuration Debug for project VoronoiVillages ****
make all 
make: Nothing to be done for `all'.
13:03:33 **** Incremental Build of configuration Debug for project SunFlowers ****
make all 
make: Nothing to be done for `all'.
13:04:14 **** Incremental Build of configuration Debug for project SunFlowers ****
make all 
Building file: ../sunflowers.c
Invoking: GCC C Compiler
gcc -O0 -g3 -Wall -c -fmessage-length=0 -MMD -MP -MF"sunflowers.d" -MT"sunflowers.o" -o "sunflowers.o" "../sunflowers.c"
Finished building: ../sunflowers.c
 
Building target: SunFlowers
Invoking: MacOS X C Linker
gcc  -o "SunFlowers"  ./sunflowers.o   
Finished building target: SunFlowers
 
13:04:15 **** Incremental Build of configuration Debug for project VoronoiVillages ****
make all 
make: Nothing to be done for `all'.
13:04:17 **** Incremental Build of configuration Debug for project SunFlowers ****
make all 
make: Nothing to be done for `all'.
